<?xml version="1.0" encoding="UTF-8"?>
<!-- Generated by org.testng.reporters.JUnitXMLReporter -->
<testsuite ignored="0" hostname="C02XD9EXJG5J.local" failures="0" tests="3" name="Web Tests" time="6.215" errors="0" timestamp="19 Jun 2021 07:34:17 GMT">
  <testcase classname="com.jakartalabs.may2021.tests.APITests" name="testLoginAPIWithInvalidCredentials" time="2.782"/>
  <testcase classname="com.jakartalabs.may2021.tests.APITests" name="testLoginAPI" time="2.0"/>
  <testcase classname="com.jakartalabs.may2021.tests.APITests" name="testDashboardAPI" time="1.411"/>
</testsuite> <!-- Web Tests -->
