<?xml version="1.0" encoding="UTF-8"?>
<testsuite xmlns:xsi="http://www.w3.org/2001/XMLSchema-instance" xsi:schemaLocation="https://maven.apache.org/surefire/maven-surefire-plugin/xsd/surefire-test-report.xsd" name="TestSuite" time="8.402" tests="3" errors="0" skipped="0" failures="0">
  <properties>
[...]
</properties>
  <testcase name="testLoginAPIWithInvalidCredentials" classname="com.jakartalabs.may2021.tests.APITests" time="2.784"/>
  <testcase name="testLoginAPI" classname="com.jakartalabs.may2021.tests.APITests" time="2"/>
  <testcase name="testDashboardAPI" classname="com.jakartalabs.may2021.tests.APITests" time="1.412"/>
</testsuite>